create web directory ./checkpoints/teste_rxpix2pix/web...
learning rate 0.0002000 -> 0.0002000
/usr/local/lib/python3.7/dist-packages/torch/optim/lr_scheduler.py:134: UserWarning: Detected call of `lr_scheduler.step()` before `optimizer.step()`. In PyTorch 1.1.0 and later, you should call them in the opposite order: `optimizer.step()` before `lr_scheduler.step()`.  Failure to do this will result in PyTorch skipping the first value of the learning rate schedule. See more details at https://pytorch.org/docs/stable/optim.html#how-to-adjust-learning-rate
  "https://pytorch.org/docs/stable/optim.html#how-to-adjust-learning-rate", UserWarning)
/usr/local/lib/python3.7/dist-packages/torch/utils/data/dataloader.py:481: UserWarning: This DataLoader will create 4 worker processes in total. Our suggested max number of worker in current system is 2, which is smaller than what this DataLoader is going to create. Please be aware that excessive worker creation might get DataLoader running slow or even freeze, lower the worker number to avoid potential slowness/freeze if necessary.
  cpuset_checked))
/usr/local/lib/python3.7/dist-packages/torchvision/transforms/transforms.py:288: UserWarning: Argument interpolation should be of type InterpolationMode instead of int. Please, use InterpolationMode enum.
  "Argument interpolation should be of type InterpolationMode instead of int. "
/usr/local/lib/python3.7/dist-packages/torchvision/transforms/transforms.py:288: UserWarning: Argument interpolation should be of type InterpolationMode instead of int. Please, use InterpolationMode enum.
  "Argument interpolation should be of type InterpolationMode instead of int. "
/usr/local/lib/python3.7/dist-packages/torchvision/transforms/transforms.py:288: UserWarning: Argument interpolation should be of type InterpolationMode instead of int. Please, use InterpolationMode enum.
  "Argument interpolation should be of type InterpolationMode instead of int. "
/usr/local/lib/python3.7/dist-packages/torchvision/transforms/transforms.py:288: UserWarning: Argument interpolation should be of type InterpolationMode instead of int. Please, use InterpolationMode enum.
  "Argument interpolation should be of type InterpolationMode instead of int. "
(epoch: 1, iters: 100, time: 0.069, data: 7.142) G_GAN: 0.758 G_L1: 15.388 D_real: 0.410 D_fake: 1.603
(epoch: 1, iters: 200, time: 0.060, data: 59.054) G_GAN: 1.253 G_L1: 21.284 D_real: 0.427 D_fake: 0.688
End of epoch 1 / 11 	 Time Taken: 126 sec
learning rate 0.0002000 -> 0.0002000
/usr/local/lib/python3.7/dist-packages/torchvision/transforms/transforms.py:288: UserWarning: Argument interpolation should be of type InterpolationMode instead of int. Please, use InterpolationMode enum.
  "Argument interpolation should be of type InterpolationMode instead of int. "
/usr/local/lib/python3.7/dist-packages/torchvision/transforms/transforms.py:288: UserWarning: Argument interpolation should be of type InterpolationMode instead of int. Please, use InterpolationMode enum.
  "Argument interpolation should be of type InterpolationMode instead of int. "
/usr/local/lib/python3.7/dist-packages/torchvision/transforms/transforms.py:288: UserWarning: Argument interpolation should be of type InterpolationMode instead of int. Please, use InterpolationMode enum.
  "Argument interpolation should be of type InterpolationMode instead of int. "
/usr/local/lib/python3.7/dist-packages/torchvision/transforms/transforms.py:288: UserWarning: Argument interpolation should be of type InterpolationMode instead of int. Please, use InterpolationMode enum.
  "Argument interpolation should be of type InterpolationMode instead of int. "
(epoch: 2, iters: 66, time: 0.072, data: 108.477) G_GAN: 0.890 G_L1: 10.414 D_real: 0.720 D_fake: 0.511
(epoch: 2, iters: 166, time: 5.148, data: 24.215) G_GAN: 1.166 G_L1: 9.284 D_real: 0.416 D_fake: 0.846
/usr/local/lib/python3.7/dist-packages/torchvision/transforms/transforms.py:288: UserWarning: Argument interpolation should be of type InterpolationMode instead of int. Please, use InterpolationMode enum.
  "Argument interpolation should be of type InterpolationMode instead of int. "
/usr/local/lib/python3.7/dist-packages/torchvision/transforms/transforms.py:288: UserWarning: Argument interpolation should be of type InterpolationMode instead of int. Please, use InterpolationMode enum.
  "Argument interpolation should be of type InterpolationMode instead of int. "
0
0
0
0
0
0
0
0
/usr/local/lib/python3.7/dist-packages/torchvision/transforms/transforms.py:288: UserWarning: Argument interpolation should be of type InterpolationMode instead of int. Please, use InterpolationMode enum.
  "Argument interpolation should be of type InterpolationMode instead of int. "
/usr/local/lib/python3.7/dist-packages/torchvision/transforms/transforms.py:288: UserWarning: Argument interpolation should be of type InterpolationMode instead of int. Please, use InterpolationMode enum.
  "Argument interpolation should be of type InterpolationMode instead of int. "
0
0
0
0
0
0
0
0
0
0
0
0
0
0
0
0
0
0
0
0
0
0
0
0
0
0
0
0
0
0
0
0
0
0
0
0
0
0
0
0
0
0
0
0
End of epoch 2 / 11 	 Time Taken: 97 sec
learning rate 0.0002000 -> 0.0002000
/usr/local/lib/python3.7/dist-packages/torchvision/transforms/transforms.py:288: UserWarning: Argument interpolation should be of type InterpolationMode instead of int. Please, use InterpolationMode enum.
  "Argument interpolation should be of type InterpolationMode instead of int. "
/usr/local/lib/python3.7/dist-packages/torchvision/transforms/transforms.py:288: UserWarning: Argument interpolation should be of type InterpolationMode instead of int. Please, use InterpolationMode enum.
  "Argument interpolation should be of type InterpolationMode instead of int. "
/usr/local/lib/python3.7/dist-packages/torchvision/transforms/transforms.py:288: UserWarning: Argument interpolation should be of type InterpolationMode instead of int. Please, use InterpolationMode enum.
  "Argument interpolation should be of type InterpolationMode instead of int. "
/usr/local/lib/python3.7/dist-packages/torchvision/transforms/transforms.py:288: UserWarning: Argument interpolation should be of type InterpolationMode instead of int. Please, use InterpolationMode enum.
  "Argument interpolation should be of type InterpolationMode instead of int. "
(epoch: 3, iters: 32, time: 0.070, data: 76.958) G_GAN: 1.486 G_L1: 11.523 D_real: 0.532 D_fake: 0.372
(epoch: 3, iters: 132, time: 0.068, data: 12.456) G_GAN: 1.293 G_L1: 9.469 D_real: 0.554 D_fake: 0.345
(epoch: 3, iters: 232, time: 0.061, data: 44.692) G_GAN: 1.681 G_L1: 12.810 D_real: 0.276 D_fake: 0.600
End of epoch 3 / 11 	 Time Taken: 78 sec
learning rate 0.0002000 -> 0.0002000
/usr/local/lib/python3.7/dist-packages/torchvision/transforms/transforms.py:288: UserWarning: Argument interpolation should be of type InterpolationMode instead of int. Please, use InterpolationMode enum.
  "Argument interpolation should be of type InterpolationMode instead of int. "
/usr/local/lib/python3.7/dist-packages/torchvision/transforms/transforms.py:288: UserWarning: Argument interpolation should be of type InterpolationMode instead of int. Please, use InterpolationMode enum.
  "Argument interpolation should be of type InterpolationMode instead of int. "
/usr/local/lib/python3.7/dist-packages/torchvision/transforms/transforms.py:288: UserWarning: Argument interpolation should be of type InterpolationMode instead of int. Please, use InterpolationMode enum.
  "Argument interpolation should be of type InterpolationMode instead of int. "
/usr/local/lib/python3.7/dist-packages/torchvision/transforms/transforms.py:288: UserWarning: Argument interpolation should be of type InterpolationMode instead of int. Please, use InterpolationMode enum.
  "Argument interpolation should be of type InterpolationMode instead of int. "
(epoch: 4, iters: 98, time: 1.559, data: 78.515) G_GAN: 1.861 G_L1: 17.000 D_real: 0.333 D_fake: 0.284
0
0
0
0
0
0
0
0
/usr/local/lib/python3.7/dist-packages/torchvision/transforms/transforms.py:288: UserWarning: Argument interpolation should be of type InterpolationMode instead of int. Please, use InterpolationMode enum.
  "Argument interpolation should be of type InterpolationMode instead of int. "
/usr/local/lib/python3.7/dist-packages/torchvision/transforms/transforms.py:288: UserWarning: Argument interpolation should be of type InterpolationMode instead of int. Please, use InterpolationMode enum.
  "Argument interpolation should be of type InterpolationMode instead of int. "
/usr/local/lib/python3.7/dist-packages/torchvision/transforms/transforms.py:288: UserWarning: Argument interpolation should be of type InterpolationMode instead of int. Please, use InterpolationMode enum.
  "Argument interpolation should be of type InterpolationMode instead of int. "
/usr/local/lib/python3.7/dist-packages/torchvision/transforms/transforms.py:288: UserWarning: Argument interpolation should be of type InterpolationMode instead of int. Please, use InterpolationMode enum.
  "Argument interpolation should be of type InterpolationMode instead of int. "
0
0
0
0
0
0
0
0
0
0
0
0
0
0
0
0
0
0
0
0
0
0
0
0
0
0
0
0
0
0
0
0
0
0
0
0
0
0
0
0
0
0
0
0
(epoch: 4, iters: 198, time: 0.085, data: 45.236) G_GAN: 1.096 G_L1: 10.066 D_real: 0.863 D_fake: 0.224
End of epoch 4 / 11 	 Time Taken: 88 sec
learning rate 0.0002000 -> 0.0002000
/usr/local/lib/python3.7/dist-packages/torchvision/transforms/transforms.py:288: UserWarning: Argument interpolation should be of type InterpolationMode instead of int. Please, use InterpolationMode enum.
  "Argument interpolation should be of type InterpolationMode instead of int. "
/usr/local/lib/python3.7/dist-packages/torchvision/transforms/transforms.py:288: UserWarning: Argument interpolation should be of type InterpolationMode instead of int. Please, use InterpolationMode enum.
  "Argument interpolation should be of type InterpolationMode instead of int. "
/usr/local/lib/python3.7/dist-packages/torchvision/transforms/transforms.py:288: UserWarning: Argument interpolation should be of type InterpolationMode instead of int. Please, use InterpolationMode enum.
  "Argument interpolation should be of type InterpolationMode instead of int. "
/usr/local/lib/python3.7/dist-packages/torchvision/transforms/transforms.py:288: UserWarning: Argument interpolation should be of type InterpolationMode instead of int. Please, use InterpolationMode enum.
  "Argument interpolation should be of type InterpolationMode instead of int. "
(epoch: 5, iters: 64, time: 0.081, data: 78.133) G_GAN: 1.208 G_L1: 8.795 D_real: 0.415 D_fake: 0.767
(epoch: 5, iters: 164, time: 0.091, data: 23.634) G_GAN: 1.184 G_L1: 17.414 D_real: 0.717 D_fake: 0.542
saving the model at the end of epoch 5, iters 1170
/usr/local/lib/python3.7/dist-packages/torchvision/transforms/transforms.py:288: UserWarning: Argument interpolation should be of type InterpolationMode instead of int. Please, use InterpolationMode enum.
  "Argument interpolation should be of type InterpolationMode instead of int. "
/usr/local/lib/python3.7/dist-packages/torchvision/transforms/transforms.py:288: UserWarning: Argument interpolation should be of type InterpolationMode instead of int. Please, use InterpolationMode enum.
  "Argument interpolation should be of type InterpolationMode instead of int. "
End of epoch 5 / 11 	 Time Taken: 81 sec
learning rate 0.0002000 -> 0.0002000
/usr/local/lib/python3.7/dist-packages/torchvision/transforms/transforms.py:288: UserWarning: Argument interpolation should be of type InterpolationMode instead of int. Please, use InterpolationMode enum.
  "Argument interpolation should be of type InterpolationMode instead of int. "
/usr/local/lib/python3.7/dist-packages/torchvision/transforms/transforms.py:288: UserWarning: Argument interpolation should be of type InterpolationMode instead of int. Please, use InterpolationMode enum.
  "Argument interpolation should be of type InterpolationMode instead of int. "
(epoch: 6, iters: 30, time: 1.662, data: 56.953) G_GAN: 1.161 G_L1: 11.513 D_real: 1.065 D_fake: 0.228
0
0
0
0
0
0
0
0
/usr/local/lib/python3.7/dist-packages/torchvision/transforms/transforms.py:288: UserWarning: Argument interpolation should be of type InterpolationMode instead of int. Please, use InterpolationMode enum.
  "Argument interpolation should be of type InterpolationMode instead of int. "
/usr/local/lib/python3.7/dist-packages/torchvision/transforms/transforms.py:288: UserWarning: Argument interpolation should be of type InterpolationMode instead of int. Please, use InterpolationMode enum.
  "Argument interpolation should be of type InterpolationMode instead of int. "
/usr/local/lib/python3.7/dist-packages/torchvision/transforms/transforms.py:288: UserWarning: Argument interpolation should be of type InterpolationMode instead of int. Please, use InterpolationMode enum.
  "Argument interpolation should be of type InterpolationMode instead of int. "
/usr/local/lib/python3.7/dist-packages/torchvision/transforms/transforms.py:288: UserWarning: Argument interpolation should be of type InterpolationMode instead of int. Please, use InterpolationMode enum.
  "Argument interpolation should be of type InterpolationMode instead of int. "
0
0
0
0
0
0
0
0
0
0
0
0
0
0
0
0
0
0
0
0
0
0
0
0
0
0
0
0
0
0
0
0
0
0
0
0
0
0
0
0
0
0
0
0
(epoch: 6, iters: 130, time: 0.077, data: 23.884) G_GAN: 0.833 G_L1: 10.987 D_real: 1.048 D_fake: 0.353
(epoch: 6, iters: 230, time: 0.060, data: 55.912) G_GAN: 1.228 G_L1: 10.231 D_real: 0.344 D_fake: 0.725
End of epoch 6 / 11 	 Time Taken: 90 sec
learning rate 0.0002000 -> 0.0002000
/usr/local/lib/python3.7/dist-packages/torchvision/transforms/transforms.py:288: UserWarning: Argument interpolation should be of type InterpolationMode instead of int. Please, use InterpolationMode enum.
  "Argument interpolation should be of type InterpolationMode instead of int. "
/usr/local/lib/python3.7/dist-packages/torchvision/transforms/transforms.py:288: UserWarning: Argument interpolation should be of type InterpolationMode instead of int. Please, use InterpolationMode enum.
  "Argument interpolation should be of type InterpolationMode instead of int. "
/usr/local/lib/python3.7/dist-packages/torchvision/transforms/transforms.py:288: UserWarning: Argument interpolation should be of type InterpolationMode instead of int. Please, use InterpolationMode enum.
  "Argument interpolation should be of type InterpolationMode instead of int. "
/usr/local/lib/python3.7/dist-packages/torchvision/transforms/transforms.py:288: UserWarning: Argument interpolation should be of type InterpolationMode instead of int. Please, use InterpolationMode enum.
  "Argument interpolation should be of type InterpolationMode instead of int. "
(epoch: 7, iters: 96, time: 0.100, data: 89.630) G_GAN: 1.374 G_L1: 9.208 D_real: 0.306 D_fake: 0.880
(epoch: 7, iters: 196, time: 1.674, data: 32.490) G_GAN: 1.098 G_L1: 8.329 D_real: 0.559 D_fake: 0.441
0
0
0
0
0
0
0
0
0
0
/usr/local/lib/python3.7/dist-packages/torchvision/transforms/transforms.py:288: UserWarning: Argument interpolation should be of type InterpolationMode instead of int. Please, use InterpolationMode enum.
  "Argument interpolation should be of type InterpolationMode instead of int. "
/usr/local/lib/python3.7/dist-packages/torchvision/transforms/transforms.py:288: UserWarning: Argument interpolation should be of type InterpolationMode instead of int. Please, use InterpolationMode enum.
  "Argument interpolation should be of type InterpolationMode instead of int. "
/usr/local/lib/python3.7/dist-packages/torchvision/transforms/transforms.py:288: UserWarning: Argument interpolation should be of type InterpolationMode instead of int. Please, use InterpolationMode enum.
  "Argument interpolation should be of type InterpolationMode instead of int. "
/usr/local/lib/python3.7/dist-packages/torchvision/transforms/transforms.py:288: UserWarning: Argument interpolation should be of type InterpolationMode instead of int. Please, use InterpolationMode enum.
  "Argument interpolation should be of type InterpolationMode instead of int. "
0
0
0
0
0
0
0
0
0
0
0
0
0
0
0
0
0
0
0
0
0
0
0
0
0
0
0
0
0
0
0
0
0
0
0
0
0
0
0
0
0
0
End of epoch 7 / 11 	 Time Taken: 88 sec
learning rate 0.0002000 -> 0.0002000
/usr/local/lib/python3.7/dist-packages/torchvision/transforms/transforms.py:288: UserWarning: Argument interpolation should be of type InterpolationMode instead of int. Please, use InterpolationMode enum.
  "Argument interpolation should be of type InterpolationMode instead of int. "
/usr/local/lib/python3.7/dist-packages/torchvision/transforms/transforms.py:288: UserWarning: Argument interpolation should be of type InterpolationMode instead of int. Please, use InterpolationMode enum.
  "Argument interpolation should be of type InterpolationMode instead of int. "
/usr/local/lib/python3.7/dist-packages/torchvision/transforms/transforms.py:288: UserWarning: Argument interpolation should be of type InterpolationMode instead of int. Please, use InterpolationMode enum.
  "Argument interpolation should be of type InterpolationMode instead of int. "
/usr/local/lib/python3.7/dist-packages/torchvision/transforms/transforms.py:288: UserWarning: Argument interpolation should be of type InterpolationMode instead of int. Please, use InterpolationMode enum.
  "Argument interpolation should be of type InterpolationMode instead of int. "
(epoch: 8, iters: 62, time: 0.071, data: 77.574) G_GAN: 0.783 G_L1: 12.460 D_real: 1.022 D_fake: 0.474
(epoch: 8, iters: 162, time: 0.079, data: 21.903) G_GAN: 1.066 G_L1: 7.789 D_real: 0.849 D_fake: 0.330
End of epoch 8 / 11 	 Time Taken: 78 sec
learning rate 0.0002000 -> 0.0002000
/usr/local/lib/python3.7/dist-packages/torchvision/transforms/transforms.py:288: UserWarning: Argument interpolation should be of type InterpolationMode instead of int. Please, use InterpolationMode enum.
  "Argument interpolation should be of type InterpolationMode instead of int. "
/usr/local/lib/python3.7/dist-packages/torchvision/transforms/transforms.py:288: UserWarning: Argument interpolation should be of type InterpolationMode instead of int. Please, use InterpolationMode enum.
  "Argument interpolation should be of type InterpolationMode instead of int. "
/usr/local/lib/python3.7/dist-packages/torchvision/transforms/transforms.py:288: UserWarning: Argument interpolation should be of type InterpolationMode instead of int. Please, use InterpolationMode enum.
  "Argument interpolation should be of type InterpolationMode instead of int. "
/usr/local/lib/python3.7/dist-packages/torchvision/transforms/transforms.py:288: UserWarning: Argument interpolation should be of type InterpolationMode instead of int. Please, use InterpolationMode enum.
  "Argument interpolation should be of type InterpolationMode instead of int. "
(epoch: 9, iters: 28, time: 0.088, data: 55.609) G_GAN: 1.475 G_L1: 10.567 D_real: 0.348 D_fake: 0.386
Traceback (most recent call last):
  File "/usr/lib/python3.7/multiprocessing/queues.py", line 104, in get
    if not self._poll(timeout):
  File "/usr/lib/python3.7/multiprocessing/connection.py", line 257, in poll
    return self._poll(timeout)
  File "/usr/lib/python3.7/multiprocessing/connection.py", line 414, in _poll
    r = wait([self], timeout)
  File "/usr/lib/python3.7/multiprocessing/connection.py", line 921, in wait
    ready = selector.select(timeout)
  File "/usr/lib/python3.7/selectors.py", line 415, in select
    fd_event_list = self._selector.poll(timeout)
KeyboardInterrupt
During handling of the above exception, another exception occurred:
Traceback (most recent call last):
  File "train.py", line 66, in <module>
    visualizer = Visualizer(opt)   # create a visualizer that display/save images and plots
  File "/content/gdrive/MyDrive/pix2pix/pix2pixTB/rxpix2pix/data/__init__.py", line 90, in __iter__
    for i, data in enumerate(self.dataloader):
  File "/usr/local/lib/python3.7/dist-packages/torch/utils/data/dataloader.py", line 521, in __next__
    data = self._next_data()
  File "/usr/local/lib/python3.7/dist-packages/torch/utils/data/dataloader.py", line 1186, in _next_data
    idx, data = self._get_data()
  File "/usr/local/lib/python3.7/dist-packages/torch/utils/data/dataloader.py", line 1152, in _get_data
    success, data = self._try_get_data()
  File "/usr/local/lib/python3.7/dist-packages/torch/utils/data/dataloader.py", line 990, in _try_get_data
    data = self._data_queue.get(timeout=timeout)
  File "/usr/lib/python3.7/multiprocessing/queues.py", line 111, in get
    self._rlock.release()
KeyboardInterrupt